# JRE version: Java(TM) SE Runtime Environment (17.0.12+8) (build 17.0.12+8-LTS-286)
# Java VM: Java HotSpot(TM) 64-Bit Server VM (17.0.12+8-LTS-286, mixed mode, emulated-client, sharing, tiered, compressed oops, compressed class ptrs, g1 gc, windows-amd64)
GC Precious Log:
 CPUs: 8 total, 8 available
 Memory: 7778M
 Large Page Support: Disabled
 NUMA Support: Disabled
 Compressed Oops: Enabled (32-bit)
 Heap Region Size: 1M
 Heap Min Capacity: 8M
 Heap Initial Capacity: 122M
 Heap Max Capacity: 1946M
 Pre-touch: Disabled
 Parallel Workers: 8
 Concurrent Workers: 2
 Concurrent Refinement Workers: 8
 Periodic GC: Disabled
Heap:
 garbage-first heap   total 97280K, used 36830K [0x0000000086600000, 0x0000000100000000)
  region size 1024K, 14 young (14336K), 2 survivors (2048K)
 Metaspace       used 56292K, committed 56768K, reserved 1114112K
  class space    used 7983K, committed 8192K, reserved 1048576K
GC Heap History (20 events):
Event: 6.202 GC heap before
{Heap before GC invocations=1 (full 0):
 garbage-first heap   total 124928K, used 32111K [0x0000000086600000, 0x0000000100000000)
  region size 1024K, 27 young (27648K), 3 survivors (3072K)
 Metaspace       used 10137K, committed 10432K, reserved 1114112K
  class space    used 1355K, committed 1472K, reserved 1048576K
}
Event: 6.218 GC heap after
{Heap after GC invocations=2 (full 0):
 garbage-first heap   total 124928K, used 10912K [0x0000000086600000, 0x0000000100000000)
  region size 1024K, 3 young (3072K), 3 survivors (3072K)
 Metaspace       used 10137K, committed 10432K, reserved 1114112K
  class space    used 1355K, committed 1472K, reserved 1048576K
}
Event: 10.516 GC heap before
{Heap before GC invocations=2 (full 0):
 garbage-first heap   total 124928K, used 80544K [0x0000000086600000, 0x0000000100000000)
  region size 1024K, 72 young (73728K), 3 survivors (3072K)
 Metaspace       used 20026K, committed 20352K, reserved 1114112K
  class space    used 2767K, committed 2944K, reserved 1048576K
}
Event: 10.546 GC heap after
{Heap after GC invocations=3 (full 0):
 garbage-first heap   total 124928K, used 16105K [0x0000000086600000, 0x0000000100000000)
  region size 1024K, 8 young (8192K), 8 survivors (8192K)
 Metaspace       used 20026K, committed 20352K, reserved 1114112K
  class space    used 2767K, committed 2944K, reserved 1048576K
}
Event: 11.703 GC heap before
{Heap before GC invocations=3 (full 0):
 garbage-first heap   total 124928K, used 23273K [0x0000000086600000, 0x0000000100000000)
  region size 1024K, 16 young (16384K), 8 survivors (8192K)
 Metaspace       used 21217K, committed 21504K, reserved 1114112K
  class space    used 2945K, committed 3072K, reserved 1048576K
}
Event: 11.743 GC heap after
{Heap after GC invocations=4 (full 0):
 garbage-first heap   total 124928K, used 16793K [0x0000000086600000, 0x0000000100000000)
  region size 1024K, 1 young (1024K), 1 survivors (1024K)
 Metaspace       used 21217K, committed 21504K, reserved 1114112K
  class space    used 2945K, committed 3072K, reserved 1048576K
}
Event: 14.628 GC heap before
{Heap before GC invocations=5 (full 0):
 garbage-first heap   total 61440K, used 51609K [0x0000000086600000, 0x0000000100000000)
  region size 1024K, 36 young (36864K), 1 survivors (1024K)
 Metaspace       used 27519K, committed 27840K, reserved 1114112K
  class space    used 3828K, committed 3968K, reserved 1048576K
}
Event: 14.664 GC heap after
{Heap after GC invocations=6 (full 0):
 garbage-first heap   total 61440K, used 19446K [0x0000000086600000, 0x0000000100000000)
  region size 1024K, 4 young (4096K), 4 survivors (4096K)
 Metaspace       used 27519K, committed 27840K, reserved 1114112K
  class space    used 3828K, committed 3968K, reserved 1048576K
}
Event: 14.765 GC heap before
{Heap before GC invocations=6 (full 0):
 garbage-first heap   total 61440K, used 20470K [0x0000000086600000, 0x0000000100000000)
  region size 1024K, 5 young (5120K), 4 survivors (4096K)
 Metaspace       used 27702K, committed 28096K, reserved 1114112K
  class space    used 3859K, committed 4032K, reserved 1048576K
}
Event: 14.787 GC heap after
{Heap after GC invocations=7 (full 0):
 garbage-first heap   total 61440K, used 19961K [0x0000000086600000, 0x0000000100000000)
  region size 1024K, 1 young (1024K), 1 survivors (1024K)
 Metaspace       used 27702K, committed 28096K, reserved 1114112K
  class space    used 3859K, committed 4032K, reserved 1048576K
}
Event: 17.605 GC heap before
{Heap before GC invocations=7 (full 0):
 garbage-first heap   total 61440K, used 43513K [0x0000000086600000, 0x0000000100000000)
  region size 1024K, 25 young (25600K), 1 survivors (1024K)
 Metaspace       used 33005K, committed 33472K, reserved 1114112K
  class space    used 4751K, committed 4992K, reserved 1048576K
}
Event: 17.614 GC heap after
{Heap after GC invocations=8 (full 0):
 garbage-first heap   total 61440K, used 20441K [0x0000000086600000, 0x0000000100000000)
  region size 1024K, 2 young (2048K), 2 survivors (2048K)
 Metaspace       used 33005K, committed 33472K, reserved 1114112K
  class space    used 4751K, committed 4992K, reserved 1048576K
}
Event: 23.874 GC heap before
{Heap before GC invocations=8 (full 0):
 garbage-first heap   total 61440K, used 27609K [0x0000000086600000, 0x0000000100000000)
  region size 1024K, 11 young (11264K), 2 survivors (2048K)
 Metaspace       used 35655K, committed 36096K, reserved 1114112K
  class space    used 5041K, committed 5248K, reserved 1048576K
}
Event: 23.880 GC heap after
{Heap after GC invocations=9 (full 0):
 garbage-first heap   total 61440K, used 21582K [0x0000000086600000, 0x0000000100000000)
  region size 1024K, 3 young (3072K), 3 survivors (3072K)
 Metaspace       used 35655K, committed 36096K, reserved 1114112K
  class space    used 5041K, committed 5248K, reserved 1048576K
}
Event: 26.178 GC heap before
{Heap before GC invocations=10 (full 0):
 garbage-first heap   total 61440K, used 46158K [0x0000000086600000, 0x0000000100000000)
  region size 1024K, 27 young (27648K), 3 survivors (3072K)
 Metaspace       used 43664K, committed 44160K, reserved 1114112K
  class space    used 6119K, committed 6336K, reserved 1048576K
}
Event: 26.196 GC heap after
{Heap after GC invocations=11 (full 0):
 garbage-first heap   total 61440K, used 23854K [0x0000000086600000, 0x0000000100000000)
  region size 1024K, 4 young (4096K), 4 survivors (4096K)
 Metaspace       used 43664K, committed 44160K, reserved 1114112K
  class space    used 6119K, committed 6336K, reserved 1048576K
}
Event: 27.499 GC heap before
{Heap before GC invocations=11 (full 0):
 garbage-first heap   total 61440K, used 45358K [0x0000000086600000, 0x0000000100000000)
  region size 1024K, 26 young (26624K), 4 survivors (4096K)
 Metaspace       used 49717K, committed 50176K, reserved 1114112K
  class space    used 7017K, committed 7232K, reserved 1048576K
}
Event: 27.518 GC heap after
{Heap after GC invocations=12 (full 0):
 garbage-first heap   total 61440K, used 24657K [0x0000000086600000, 0x0000000100000000)
  region size 1024K, 3 young (3072K), 3 survivors (3072K)
 Metaspace       used 49717K, committed 50176K, reserved 1114112K
  class space    used 7017K, committed 7232K, reserved 1048576K
}
Event: 29.473 GC heap before
{Heap before GC invocations=12 (full 0):
 garbage-first heap   total 61440K, used 47185K [0x0000000086600000, 0x0000000100000000)
  region size 1024K, 26 young (26624K), 3 survivors (3072K)
 Metaspace       used 54091K, committed 54592K, reserved 1114112K
  class space    used 7757K, committed 8000K, reserved 1048576K
}
Event: 29.494 GC heap after
{Heap after GC invocations=13 (full 0):
 garbage-first heap   total 97280K, used 25566K [0x0000000086600000, 0x0000000100000000)
  region size 1024K, 2 young (2048K), 2 survivors (2048K)
 Metaspace       used 54091K, committed 54592K, reserved 1114112K
  class space    used 7757K, committed 8000K, reserved 1048576K
}

